2023-08-06 03:55:11.575178 - Initialized conversion of CBT407
2023-08-06 03:55:11.819284 - Received CBT.V505.FILE407.PDS from FILE407.XMI 
2023-08-06 03:55:11.821772 - Found $$$#DATE.txt (text/plain) in CBT.V505.FILE407.PDS, moved to PDS/$$$#DATE
2023-08-06 03:55:11.822746 - Found $$XADOC.txt (text/plain) in CBT.V505.FILE407.PDS, moved to PDS/$$XADOC
2023-08-06 03:55:11.823796 - Found $ASMLINK.jcl (text/plain) in CBT.V505.FILE407.PDS, moved to PDS/$ASMLINK
2023-08-06 03:55:11.824749 - Found $ASMLINX.jcl (text/plain) in CBT.V505.FILE407.PDS, moved to PDS/$ASMLINX
2023-08-06 03:55:11.825750 - Found $NEWCODE.txt (text/plain) in CBT.V505.FILE407.PDS, moved to PDS/$NEWCODE
2023-08-06 03:55:11.826814 - Found $NEWDOC.txt (text/plain) in CBT.V505.FILE407.PDS, moved to PDS/$NEWDOC
2023-08-06 03:55:11.827731 - Found $RECOGN.txt (text/plain) in CBT.V505.FILE407.PDS, moved to PDS/$RECOGN
2023-08-06 03:55:11.828621 - Found @FILE407.txt (text/plain) in CBT.V505.FILE407.PDS, moved to PDS/@FILE407
2023-08-06 03:55:11.829649 - Found ASMJCL.txt (text/plain) in CBT.V505.FILE407.PDS, moved to PDS/ASMJCL
2023-08-06 03:55:11.830584 - Found BLDLTEST.txt (text/plain) in CBT.V505.FILE407.PDS, moved to PDS/BLDLTEST
2023-08-06 03:55:11.831471 - Found BT.txt (text/plain) in CBT.V505.FILE407.PDS, moved to PDS/BT
2023-08-06 03:55:11.832342 - Found CBTJCL.jcl (text/plain) in CBT.V505.FILE407.PDS, moved to PDS/CBTJCL
2023-08-06 03:55:11.833224 - Found DBREPORT.txt (text/plain) in CBT.V505.FILE407.PDS, moved to PDS/DBREPORT
2023-08-06 03:55:11.834238 - Found DBSTART.txt (text/plain) in CBT.V505.FILE407.PDS, moved to PDS/DBSTART
2023-08-06 03:55:11.835149 - Found DBSTOP.txt (text/plain) in CBT.V505.FILE407.PDS, moved to PDS/DBSTOP
2023-08-06 03:55:11.836002 - Found DBYOYO.txt (text/plain) in CBT.V505.FILE407.PDS, moved to PDS/DBYOYO
2023-08-06 03:55:11.837139 - Found DYNABLDL.txt (text/plain) in CBT.V505.FILE407.PDS, moved to PDS/DYNABLDL
2023-08-06 03:55:11.838404 - Found DYNABLDX.txt (text/plain) in CBT.V505.FILE407.PDS, moved to PDS/DYNABLDX
2023-08-06 03:55:11.839432 - Found EXPORT.txt (text/plain) in CBT.V505.FILE407.PDS, moved to PDS/EXPORT
2023-08-06 03:55:11.840549 - Found INSTALL.txt (text/plain) in CBT.V505.FILE407.PDS, moved to PDS/INSTALL
2023-08-06 03:55:11.841465 - Found PROC.txt (text/plain) in CBT.V505.FILE407.PDS, moved to PDS/PROC
2023-08-06 03:55:11.842509 - Found SAMPLE.txt (text/plain) in CBT.V505.FILE407.PDS, moved to PDS/SAMPLE
2023-08-06 03:55:11.843405 - Found SYNCNOTE.diff (text/x-diff) in CBT.V505.FILE407.PDS, moved to PDS/SYNCNOTE
2023-08-06 03:55:11.844249 - Found USERGIDE.txt (text/plain) in CBT.V505.FILE407.PDS, moved to PDS/USERGIDE
